<?xml version="1.0" encoding="UTF-8"?>
<!-- Generated by org.testng.reporters.JUnitReportReporter -->
<testsuite skipped="0" hostname="MSI" name="GTPLBank.MavenTest.ValidTitleTest" tests="1" failures="0" timestamp="22 Apr 2020 19:26:09 GMT" time="8.209" errors="0">
  <testcase name="basePageTitle" time="8.209" classname="GTPLBank.MavenTest.ValidTitleTest"/>
</testsuite> <!-- GTPLBank.MavenTest.ValidTitleTest -->
